==12942== Memcheck, a memory error detector
==12942== Copyright (C) 2002-2012, and GNU GPL'd, by Julian Seward et al.
==12942== Using Valgrind-3.8.1 and LibVEX; rerun with -h for copyright info
==12942== Command: ./pa01
==12942== Parent PID: 8529
==12942== 
--12942-- 
--12942-- Valgrind options:
--12942--    --tool=memcheck
--12942--    --leak-check=full
--12942--    --verbose
--12942--    --log-file=memcheck.log
--12942-- Contents of /proc/version:
--12942--   Linux version 2.6.32-431.23.3.el6.x86_64 (mockbuild@x86-027.build.eng.bos.redhat.com) (gcc version 4.4.7 20120313 (Red Hat 4.4.7-4) (GCC) ) #1 SMP Wed Jul 16 06:12:23 EDT 2014
--12942-- Arch and hwcaps: AMD64, amd64-sse3-cx16
--12942-- Page sizes: currently 4096, max supported 4096
--12942-- Valgrind library directory: /usr/lib64/valgrind
--12942-- Reading syms from /home/shay/b/smit1988/ECE264/Solutions/PA01/PA01/pa01
--12942-- Reading syms from /usr/lib64/valgrind/memcheck-amd64-linux
--12942--    object doesn't have a dynamic symbol table
--12942-- Reading syms from /lib64/ld-2.12.so
--12942-- Scheduler: using generic scheduler lock implementation.
--12942-- Reading suppressions file: /usr/lib64/valgrind/default.supp
==12942== embedded gdbserver: reading from /tmp/vgdb-pipe-from-vgdb-to-12942-by-smit1988-on-ecegrid-thin1.ecn.purdue.edu
==12942== embedded gdbserver: writing to   /tmp/vgdb-pipe-to-vgdb-from-12942-by-smit1988-on-ecegrid-thin1.ecn.purdue.edu
==12942== embedded gdbserver: shared mem   /tmp/vgdb-pipe-shared-mem-vgdb-12942-by-smit1988-on-ecegrid-thin1.ecn.purdue.edu
==12942== 
==12942== TO CONTROL THIS PROCESS USING vgdb (which you probably
==12942== don't want to do, unless you know exactly what you're doing,
==12942== or are doing some strange experiment):
==12942==   /usr/lib64/valgrind/../../bin/vgdb --pid=12942 ...command...
==12942== 
==12942== TO DEBUG THIS PROCESS USING GDB: start GDB like this
==12942==   /path/to/gdb ./pa01
==12942== and then give GDB the following command
==12942==   target remote | /usr/lib64/valgrind/../../bin/vgdb --pid=12942
==12942== --pid is optional if only one valgrind process is running
==12942== 
--12942-- REDIR: 0x310ee17530 (strlen) redirected to 0x38049551 (vgPlain_amd64_linux_REDIR_FOR_strlen)
--12942-- Reading syms from /usr/lib64/valgrind/vgpreload_core-amd64-linux.so
--12942-- Reading syms from /usr/lib64/valgrind/vgpreload_memcheck-amd64-linux.so
--12942-- REDIR: 0x310ee173a0 (index) redirected to 0x4a07bf0 (index)
--12942-- REDIR: 0x310ee17420 (strcmp) redirected to 0x4a08530 (strcmp)
--12942-- Reading syms from /lib64/libc-2.12.so
--12942-- REDIR: 0x310f284fc0 (strcasecmp) redirected to 0x480155c (_vgnU_ifunc_wrapper)
--12942-- REDIR: 0x310f287280 (strncasecmp) redirected to 0x480155c (_vgnU_ifunc_wrapper)
--12942-- REDIR: 0x310f282f30 (__GI_strrchr) redirected to 0x4a07a70 (__GI_strrchr)
--12942-- REDIR: 0x310f281450 (__GI_strlen) redirected to 0x4a07f70 (__GI_strlen)
--12942-- REDIR: 0x310f2847f0 (mempcpy) redirected to 0x4a09f80 (mempcpy)
--12942-- REDIR: 0x310f28ade0 (strchrnul) redirected to 0x4a09f10 (strchrnul)
--12942-- REDIR: 0x310f27b810 (free) redirected to 0x4a06369 (free)
==12942== 
==12942== HEAP SUMMARY:
==12942==     in use at exit: 0 bytes in 0 blocks
==12942==   total heap usage: 0 allocs, 0 frees, 0 bytes allocated
==12942== 
==12942== All heap blocks were freed -- no leaks are possible
==12942== 
==12942== ERROR SUMMARY: 0 errors from 0 contexts (suppressed: 6 from 6)
--12942-- 
--12942-- used_suppression:      4 U1004-ARM-_dl_relocate_object
--12942-- used_suppression:      2 glibc-2.5.x-on-SUSE-10.2-(PPC)-2a
==12942== 
==12942== ERROR SUMMARY: 0 errors from 0 contexts (suppressed: 6 from 6)
