==16031== Memcheck, a memory error detector
==16031== Copyright (C) 2002-2012, and GNU GPL'd, by Julian Seward et al.
==16031== Using Valgrind-3.8.1 and LibVEX; rerun with -h for copyright info
==16031== Command: ./pa06 sample.8.99x99
==16031== Parent PID: 29609
==16031== 
--16031-- 
--16031-- Valgrind options:
--16031--    --tool=memcheck
--16031--    --leak-check=full
--16031--    --verbose
--16031--    --log-file=memcheck.log
--16031-- Contents of /proc/version:
--16031--   Linux version 2.6.32-431.29.2.el6.x86_64 (mockbuild@x86-026.build.eng.bos.redhat.com) (gcc version 4.4.7 20120313 (Red Hat 4.4.7-4) (GCC) ) #1 SMP Sun Jul 27 15:55:46 EDT 2014
--16031-- Arch and hwcaps: AMD64, amd64-sse3-cx16
--16031-- Page sizes: currently 4096, max supported 4096
--16031-- Valgrind library directory: /usr/lib64/valgrind
--16031-- Reading syms from /home/shay/b/smit1988/ECE264/Solutions/PA01/PA06/pa06
--16031-- Reading syms from /usr/lib64/valgrind/memcheck-amd64-linux
--16031--    object doesn't have a dynamic symbol table
--16031-- Reading syms from /lib64/ld-2.12.so
--16031--   Considering /usr/lib/debug/.build-id/3b/fa45bce0e82e1d90d37a0cc8630f97f2003bf5.debug ..
--16031--   .. build-id is valid
--16031-- Scheduler: using generic scheduler lock implementation.
--16031-- Reading suppressions file: /usr/lib64/valgrind/default.supp
==16031== embedded gdbserver: reading from /tmp/vgdb-pipe-from-vgdb-to-16031-by-smit1988-on-ecegrid-thin1.ecn.purdue.edu
==16031== embedded gdbserver: writing to   /tmp/vgdb-pipe-to-vgdb-from-16031-by-smit1988-on-ecegrid-thin1.ecn.purdue.edu
==16031== embedded gdbserver: shared mem   /tmp/vgdb-pipe-shared-mem-vgdb-16031-by-smit1988-on-ecegrid-thin1.ecn.purdue.edu
==16031== 
==16031== TO CONTROL THIS PROCESS USING vgdb (which you probably
==16031== don't want to do, unless you know exactly what you're doing,
==16031== or are doing some strange experiment):
==16031==   /usr/lib64/valgrind/../../bin/vgdb --pid=16031 ...command...
==16031== 
==16031== TO DEBUG THIS PROCESS USING GDB: start GDB like this
==16031==   /path/to/gdb ./pa06
==16031== and then give GDB the following command
==16031==   target remote | /usr/lib64/valgrind/../../bin/vgdb --pid=16031
==16031== --pid is optional if only one valgrind process is running
==16031== 
--16031-- REDIR: 0x35ff417610 (strlen) redirected to 0x38049551 (vgPlain_amd64_linux_REDIR_FOR_strlen)
--16031-- Reading syms from /usr/lib64/valgrind/vgpreload_core-amd64-linux.so
--16031-- Reading syms from /usr/lib64/valgrind/vgpreload_memcheck-amd64-linux.so
--16031-- REDIR: 0x35ff417480 (index) redirected to 0x4a07c30 (index)
--16031-- REDIR: 0x35ff417500 (strcmp) redirected to 0x4a08570 (strcmp)
--16031-- Reading syms from /lib64/libc-2.12.so
--16031--   Considering /usr/lib/debug/.build-id/73/3ad3a438b5a695f7a63a77413f9b2c8c94e8e6.debug ..
--16031--   .. build-id is valid
--16031-- REDIR: 0x35ff884cd0 (strcasecmp) redirected to 0x480155c (_vgnU_ifunc_wrapper)
--16031-- REDIR: 0x35ff886f90 (strncasecmp) redirected to 0x480155c (_vgnU_ifunc_wrapper)
--16031-- REDIR: 0x35ff882c40 (__GI_strrchr) redirected to 0x4a07ab0 (__GI_strrchr)
--16031-- REDIR: 0x35ff87a640 (malloc) redirected to 0x4a069ac (malloc)
--16031-- REDIR: 0x35ff883350 (memchr) redirected to 0x4a08610 (memchr)
--16031-- REDIR: 0x35ff889670 (memcpy) redirected to 0x4a08b60 (memcpy)
--16031-- REDIR: 0x35ff881120 (strlen) redirected to 0x480155c (_vgnU_ifunc_wrapper)
--16031-- REDIR: 0x35ff9336f0 (__strlen_sse42) redirected to 0x4a07f90 (strlen)
--16031-- REDIR: 0x35ff87b520 (free) redirected to 0x4a063a9 (free)
--16031-- REDIR: 0x35ff881160 (__GI_strlen) redirected to 0x4a07fb0 (__GI_strlen)
==16031== 
==16031== HEAP SUMMARY:
==16031==     in use at exit: 0 bytes in 0 blocks
==16031==   total heap usage: 101 allocs, 101 frees, 10,768 bytes allocated
==16031== 
==16031== All heap blocks were freed -- no leaks are possible
==16031== 
==16031== ERROR SUMMARY: 0 errors from 0 contexts (suppressed: 6 from 6)
--16031-- 
--16031-- used_suppression:      4 U1004-ARM-_dl_relocate_object
--16031-- used_suppression:      2 glibc-2.5.x-on-SUSE-10.2-(PPC)-2a
==16031== 
==16031== ERROR SUMMARY: 0 errors from 0 contexts (suppressed: 6 from 6)
