==22058== Memcheck, a memory error detector
==22058== Copyright (C) 2002-2012, and GNU GPL'd, by Julian Seward et al.
==22058== Using Valgrind-3.8.1 and LibVEX; rerun with -h for copyright info
==22058== Command: ./pa02
==22058== Parent PID: 1535
==22058== 
--22058-- 
--22058-- Valgrind options:
--22058--    --tool=memcheck
--22058--    --leak-check=full
--22058--    --verbose
--22058--    --log-file=memcheck.log
--22058-- Contents of /proc/version:
--22058--   Linux version 2.6.32-431.23.3.el6.x86_64 (mockbuild@x86-027.build.eng.bos.redhat.com) (gcc version 4.4.7 20120313 (Red Hat 4.4.7-4) (GCC) ) #1 SMP Wed Jul 16 06:12:23 EDT 2014
--22058-- Arch and hwcaps: AMD64, amd64-sse3-cx16
--22058-- Page sizes: currently 4096, max supported 4096
--22058-- Valgrind library directory: /usr/lib64/valgrind
--22058-- Reading syms from /home/shay/b/smit1988/ECE264/Solutions/PA01/PA02/pa02
--22058-- Reading syms from /usr/lib64/valgrind/memcheck-amd64-linux
--22058--    object doesn't have a dynamic symbol table
--22058-- Reading syms from /lib64/ld-2.12.so
--22058--   Considering /usr/lib/debug/.build-id/57/bf668f99b7f5917b8d55fbb645173c9a644575.debug ..
--22058--   .. build-id is valid
--22058-- Scheduler: using generic scheduler lock implementation.
--22058-- Reading suppressions file: /usr/lib64/valgrind/default.supp
==22058== embedded gdbserver: reading from /tmp/vgdb-pipe-from-vgdb-to-22058-by-smit1988-on-ecegrid-thin1.ecn.purdue.edu
==22058== embedded gdbserver: writing to   /tmp/vgdb-pipe-to-vgdb-from-22058-by-smit1988-on-ecegrid-thin1.ecn.purdue.edu
==22058== embedded gdbserver: shared mem   /tmp/vgdb-pipe-shared-mem-vgdb-22058-by-smit1988-on-ecegrid-thin1.ecn.purdue.edu
==22058== 
==22058== TO CONTROL THIS PROCESS USING vgdb (which you probably
==22058== don't want to do, unless you know exactly what you're doing,
==22058== or are doing some strange experiment):
==22058==   /usr/lib64/valgrind/../../bin/vgdb --pid=22058 ...command...
==22058== 
==22058== TO DEBUG THIS PROCESS USING GDB: start GDB like this
==22058==   /path/to/gdb ./pa02
==22058== and then give GDB the following command
==22058==   target remote | /usr/lib64/valgrind/../../bin/vgdb --pid=22058
==22058== --pid is optional if only one valgrind process is running
==22058== 
--22058-- REDIR: 0x3f79a17530 (strlen) redirected to 0x38049551 (vgPlain_amd64_linux_REDIR_FOR_strlen)
--22058-- Reading syms from /usr/lib64/valgrind/vgpreload_core-amd64-linux.so
--22058-- Reading syms from /usr/lib64/valgrind/vgpreload_memcheck-amd64-linux.so
--22058-- REDIR: 0x3f79a173a0 (index) redirected to 0x4a07bf0 (index)
--22058-- REDIR: 0x3f79a17420 (strcmp) redirected to 0x4a08530 (strcmp)
--22058-- Reading syms from /lib64/libc-2.12.so
--22058--   Considering /usr/lib/debug/.build-id/07/b5ce35eba864a01b697f5ca117e94b9248064f.debug ..
--22058--   .. build-id is valid
--22058-- REDIR: 0x3f79e84cd0 (strcasecmp) redirected to 0x480155c (_vgnU_ifunc_wrapper)
--22058-- REDIR: 0x3f79e86f90 (strncasecmp) redirected to 0x480155c (_vgnU_ifunc_wrapper)
--22058-- REDIR: 0x3f79e82c40 (__GI_strrchr) redirected to 0x4a07a70 (__GI_strrchr)
--22058-- REDIR: 0x3f79e81160 (__GI_strlen) redirected to 0x4a07f70 (__GI_strlen)
--22058-- REDIR: 0x3f79e8aaf0 (strchrnul) redirected to 0x4a09f10 (strchrnul)
--22058-- REDIR: 0x3f79e7b520 (free) redirected to 0x4a06369 (free)
--22058-- REDIR: 0x3f79e84500 (mempcpy) redirected to 0x4a09f80 (mempcpy)
==22058== 
==22058== HEAP SUMMARY:
==22058==     in use at exit: 0 bytes in 0 blocks
==22058==   total heap usage: 0 allocs, 0 frees, 0 bytes allocated
==22058== 
==22058== All heap blocks were freed -- no leaks are possible
==22058== 
==22058== ERROR SUMMARY: 0 errors from 0 contexts (suppressed: 6 from 6)
--22058-- 
--22058-- used_suppression:      4 U1004-ARM-_dl_relocate_object
--22058-- used_suppression:      2 glibc-2.5.x-on-SUSE-10.2-(PPC)-2a
==22058== 
==22058== ERROR SUMMARY: 0 errors from 0 contexts (suppressed: 6 from 6)
