==22754== Memcheck, a memory error detector
==22754== Copyright (C) 2002-2012, and GNU GPL'd, by Julian Seward et al.
==22754== Using Valgrind-3.8.1 and LibVEX; rerun with -h for copyright info
==22754== Command: ./answer07
==22754== Parent PID: 15794
==22754== 
--22754-- 
--22754-- Valgrind options:
--22754--    --tool=memcheck
--22754--    --leak-check=full
--22754--    --verbose
--22754--    --log-file=memcheck.log
--22754-- Contents of /proc/version:
--22754--   Linux version 2.6.32-431.29.2.el6.x86_64 (mockbuild@x86-026.build.eng.bos.redhat.com) (gcc version 4.4.7 20120313 (Red Hat 4.4.7-4) (GCC) ) #1 SMP Sun Jul 27 15:55:46 EDT 2014
--22754-- Arch and hwcaps: AMD64, amd64-sse3-cx16
--22754-- Page sizes: currently 4096, max supported 4096
--22754-- Valgrind library directory: /usr/lib64/valgrind
--22754-- Reading syms from /home/shay/b/smit1988/ECE264/Solutions/PA01/PA07/answer07
--22754-- Reading syms from /usr/lib64/valgrind/memcheck-amd64-linux
--22754--    object doesn't have a dynamic symbol table
--22754-- Reading syms from /lib64/ld-2.12.so
--22754--   Considering /usr/lib/debug/.build-id/3b/fa45bce0e82e1d90d37a0cc8630f97f2003bf5.debug ..
--22754--   .. build-id is valid
--22754-- Scheduler: using generic scheduler lock implementation.
--22754-- Reading suppressions file: /usr/lib64/valgrind/default.supp
==22754== embedded gdbserver: reading from /tmp/vgdb-pipe-from-vgdb-to-22754-by-smit1988-on-ecegrid-thin1.ecn.purdue.edu
==22754== embedded gdbserver: writing to   /tmp/vgdb-pipe-to-vgdb-from-22754-by-smit1988-on-ecegrid-thin1.ecn.purdue.edu
==22754== embedded gdbserver: shared mem   /tmp/vgdb-pipe-shared-mem-vgdb-22754-by-smit1988-on-ecegrid-thin1.ecn.purdue.edu
==22754== 
==22754== TO CONTROL THIS PROCESS USING vgdb (which you probably
==22754== don't want to do, unless you know exactly what you're doing,
==22754== or are doing some strange experiment):
==22754==   /usr/lib64/valgrind/../../bin/vgdb --pid=22754 ...command...
==22754== 
==22754== TO DEBUG THIS PROCESS USING GDB: start GDB like this
==22754==   /path/to/gdb ./answer07
==22754== and then give GDB the following command
==22754==   target remote | /usr/lib64/valgrind/../../bin/vgdb --pid=22754
==22754== --pid is optional if only one valgrind process is running
==22754== 
--22754-- REDIR: 0x35ff417610 (strlen) redirected to 0x38049551 (vgPlain_amd64_linux_REDIR_FOR_strlen)
--22754-- Reading syms from /usr/lib64/valgrind/vgpreload_core-amd64-linux.so
--22754-- Reading syms from /usr/lib64/valgrind/vgpreload_memcheck-amd64-linux.so
--22754-- REDIR: 0x35ff417480 (index) redirected to 0x4a07c30 (index)
--22754-- REDIR: 0x35ff417500 (strcmp) redirected to 0x4a08570 (strcmp)
--22754-- Reading syms from /lib64/libc-2.12.so
--22754--   Considering /usr/lib/debug/.build-id/73/3ad3a438b5a695f7a63a77413f9b2c8c94e8e6.debug ..
--22754--   .. build-id is valid
--22754-- REDIR: 0x35ff884cd0 (strcasecmp) redirected to 0x480155c (_vgnU_ifunc_wrapper)
--22754-- REDIR: 0x35ff886f90 (strncasecmp) redirected to 0x480155c (_vgnU_ifunc_wrapper)
--22754-- REDIR: 0x35ff882c40 (__GI_strrchr) redirected to 0x4a07ab0 (__GI_strrchr)
--22754-- REDIR: 0x35ff88aaf0 (strchrnul) redirected to 0x4a09fb0 (strchrnul)
--22754-- REDIR: 0x35ff884500 (mempcpy) redirected to 0x4a0a020 (mempcpy)
--22754-- REDIR: 0x35ff87b520 (free) redirected to 0x4a063a9 (free)
==22754== 
==22754== HEAP SUMMARY:
==22754==     in use at exit: 0 bytes in 0 blocks
==22754==   total heap usage: 0 allocs, 0 frees, 0 bytes allocated
==22754== 
==22754== All heap blocks were freed -- no leaks are possible
==22754== 
==22754== ERROR SUMMARY: 0 errors from 0 contexts (suppressed: 6 from 6)
--22754-- 
--22754-- used_suppression:      4 U1004-ARM-_dl_relocate_object
--22754-- used_suppression:      2 glibc-2.5.x-on-SUSE-10.2-(PPC)-2a
==22754== 
==22754== ERROR SUMMARY: 0 errors from 0 contexts (suppressed: 6 from 6)
